<?xml version="1.0" encoding="UTF-8"?>
<testng-results ignored="0" total="1" passed="1" failed="0" skipped="0">
  <reporter-output>
  </reporter-output>
  <suite started-at="2018-04-29T02:25:42Z" name="Amazon Automation Test" finished-at="2018-04-29T02:25:50Z" duration-ms="7347">
    <groups>
    </groups>
    <test started-at="2018-04-29T02:25:42Z" name="Amazon Home" finished-at="2018-04-29T02:25:50Z" duration-ms="7347">
      <class name="home.TestSignInPage">
        <test-method is-config="true" signature="setUp(java.lang.String)[pri:0, instance:home.TestSignInPage@4da4253]" started-at="2018-04-29T02:25:42Z" name="setUp" finished-at="2018-04-29T02:25:48Z" duration-ms="5605" status="PASS">
          <params>
            <param index="0">
              <value>
                <![CDATA[https://www.amazon.com/]]>
              </value>
            </param>
          </params>
          <reporter-output>
          </reporter-output>
        </test-method> <!-- setUp -->
        <test-method signature="test1()[pri:0, instance:home.TestSignInPage@4da4253]" started-at="2018-04-29T02:25:48Z" name="test1" finished-at="2018-04-29T02:25:50Z" duration-ms="1717" status="PASS">
          <reporter-output>
          </reporter-output>
        </test-method> <!-- test1 -->
      </class> <!-- home.TestSignInPage -->
    </test> <!-- Amazon Home -->
  </suite> <!-- Amazon Automation Test -->
</testng-results>
